[2020-08-10 19:33:18] xcloner_api.INFO: Processing ajax request ID _icw7vkfyt [] []
[2020-08-10 19:33:19] xcloner_file_system.INFO: Starting the filesystem scanner on root folder /home3/juanvasquez/public_html [] []
[2020-08-10 19:33:19] xcloner_file_system.INFO: Excluding .htaccess from the filesystem list, matching pattern / ["FILESYSTEM SCAN","EXCLUDE"] []
[2020-08-10 19:33:19] xcloner_file_system.INFO: Excluding .htaccess_1 from the filesystem list, matching pattern / ["FILESYSTEM SCAN","EXCLUDE"] []
[2020-08-10 19:33:19] xcloner_file_system.INFO: Excluding cgi-bin from the filesystem list, matching pattern / ["FILESYSTEM SCAN","EXCLUDE"] []
[2020-08-10 19:33:19] xcloner_file_system.INFO: Excluding error_log from the filesystem list, matching pattern / ["FILESYSTEM SCAN","EXCLUDE"] []
[2020-08-10 19:33:19] xcloner_file_system.INFO: Excluding index.php from the filesystem list, matching pattern / ["FILESYSTEM SCAN","EXCLUDE"] []
[2020-08-10 19:33:19] xcloner_file_system.INFO: Excluding license.txt from the filesystem list, matching pattern / ["FILESYSTEM SCAN","EXCLUDE"] []
[2020-08-10 19:33:19] xcloner_file_system.INFO: Excluding phpinfo.php from the filesystem list, matching pattern / ["FILESYSTEM SCAN","EXCLUDE"] []
[2020-08-10 19:33:19] xcloner_file_system.INFO: Excluding readme.html from the filesystem list, matching pattern / ["FILESYSTEM SCAN","EXCLUDE"] []
[2020-08-10 19:33:19] xcloner_file_system.INFO: Excluding wp-activate.php from the filesystem list, matching pattern / ["FILESYSTEM SCAN","EXCLUDE"] []
[2020-08-10 19:33:19] xcloner_file_system.INFO: Excluding wp-admin from the filesystem list, matching pattern / ["FILESYSTEM SCAN","EXCLUDE"] []
[2020-08-10 19:33:19] xcloner_file_system.INFO: Excluding wp-admin.zip from the filesystem list, matching pattern / ["FILESYSTEM SCAN","EXCLUDE"] []
[2020-08-10 19:33:19] xcloner_file_system.INFO: Excluding wp-blog-header.php from the filesystem list, matching pattern / ["FILESYSTEM SCAN","EXCLUDE"] []
[2020-08-10 19:33:19] xcloner_file_system.INFO: Excluding wp-comments-post.php from the filesystem list, matching pattern / ["FILESYSTEM SCAN","EXCLUDE"] []
[2020-08-10 19:33:19] xcloner_file_system.INFO: Excluding wp-config-sample.php from the filesystem list, matching pattern / ["FILESYSTEM SCAN","EXCLUDE"] []
[2020-08-10 19:33:19] xcloner_file_system.INFO: Excluding wp-config.php from the filesystem list, matching pattern / ["FILESYSTEM SCAN","EXCLUDE"] []
[2020-08-10 19:33:19] xcloner_file_system.INFO: Excluding wp-content from the filesystem list, matching pattern / ["FILESYSTEM SCAN","EXCLUDE"] []
[2020-08-10 19:33:19] xcloner_file_system.INFO: Excluding wp-cron.php from the filesystem list, matching pattern / ["FILESYSTEM SCAN","EXCLUDE"] []
[2020-08-10 19:33:19] xcloner_file_system.INFO: Excluding wp-includes from the filesystem list, matching pattern / ["FILESYSTEM SCAN","EXCLUDE"] []
[2020-08-10 19:33:19] xcloner_file_system.INFO: Excluding wp-links-opml.php from the filesystem list, matching pattern / ["FILESYSTEM SCAN","EXCLUDE"] []
[2020-08-10 19:33:19] xcloner_file_system.INFO: Excluding wp-load.php from the filesystem list, matching pattern / ["FILESYSTEM SCAN","EXCLUDE"] []
[2020-08-10 19:33:19] xcloner_file_system.INFO: Excluding wp-login.php from the filesystem list, matching pattern / ["FILESYSTEM SCAN","EXCLUDE"] []
[2020-08-10 19:33:19] xcloner_file_system.INFO: Excluding wp-mail.php from the filesystem list, matching pattern / ["FILESYSTEM SCAN","EXCLUDE"] []
[2020-08-10 19:33:19] xcloner_file_system.INFO: Excluding wp-settings.php from the filesystem list, matching pattern / ["FILESYSTEM SCAN","EXCLUDE"] []
[2020-08-10 19:33:19] xcloner_file_system.INFO: Excluding wp-signup.php from the filesystem list, matching pattern / ["FILESYSTEM SCAN","EXCLUDE"] []
[2020-08-10 19:33:19] xcloner_file_system.INFO: Excluding wp-trackback.php from the filesystem list, matching pattern / ["FILESYSTEM SCAN","EXCLUDE"] []
[2020-08-10 19:33:19] xcloner_file_system.INFO: Excluding xmlrpc.php from the filesystem list, matching pattern / ["FILESYSTEM SCAN","EXCLUDE"] []
[2020-08-10 19:33:20] xcloner_api.INFO: Processing ajax request ID _cyqmsfmko [] []
[2020-08-10 19:33:20] xcloner_database.INFO: Preparing the database recursion file [""] []
[2020-08-10 19:33:22] xcloner_api.INFO: Processing ajax request ID _4a4kn4olw [] []
[2020-08-10 19:33:22] xcloner_database.INFO: Starting new backup dump to file database-backup.sql [""] []
[2020-08-10 19:33:22] xcloner_database.INFO: Writing juanvasq_wp823 database dump headers [""] []
[2020-08-10 19:33:22] xcloner_database.INFO: Dumping the structure for juanvasq_wp823.wpaq_commentmeta table [""] []
[2020-08-10 19:33:22] xcloner_database.INFO: Dumping 0 records starting position 0 from juanvasq_wp823.wpaq_commentmeta table [""] []
[2020-08-10 19:33:23] xcloner_api.INFO: Processing ajax request ID _mysoq7urk [] []
[2020-08-10 19:33:23] xcloner_database.INFO: Dumping the structure for juanvasq_wp823.wpaq_comments table [""] []
[2020-08-10 19:33:23] xcloner_database.INFO: Dumping 2 records starting position 0 from juanvasq_wp823.wpaq_comments table [""] []
[2020-08-10 19:33:25] xcloner_api.INFO: Processing ajax request ID _abbqyw758 [] []
[2020-08-10 19:33:25] xcloner_database.INFO: Dumping the structure for juanvasq_wp823.wpaq_links table [""] []
[2020-08-10 19:33:25] xcloner_database.INFO: Dumping 0 records starting position 0 from juanvasq_wp823.wpaq_links table [""] []
[2020-08-10 19:33:26] xcloner_api.INFO: Processing ajax request ID _ge4sxskmt [] []
[2020-08-10 19:33:27] xcloner_database.INFO: Dumping the structure for juanvasq_wp823.wpaq_nextend2_image_storage table [""] []
[2020-08-10 19:33:27] xcloner_database.INFO: Dumping 34 records starting position 0 from juanvasq_wp823.wpaq_nextend2_image_storage table [""] []
[2020-08-10 19:33:28] xcloner_api.INFO: Processing ajax request ID _rk1lapyzn [] []
[2020-08-10 19:33:28] xcloner_database.INFO: Dumping the structure for juanvasq_wp823.wpaq_nextend2_section_storage table [""] []
[2020-08-10 19:33:28] xcloner_database.INFO: Dumping 2 records starting position 0 from juanvasq_wp823.wpaq_nextend2_section_storage table [""] []
[2020-08-10 19:33:29] xcloner_api.INFO: Processing ajax request ID _hmimz9ale [] []
[2020-08-10 19:33:29] xcloner_database.INFO: Dumping the structure for juanvasq_wp823.wpaq_nextend2_smartslider3_generators table [""] []
[2020-08-10 19:33:29] xcloner_database.INFO: Dumping 0 records starting position 0 from juanvasq_wp823.wpaq_nextend2_smartslider3_generators table [""] []
[2020-08-10 19:33:30] xcloner_api.INFO: Processing ajax request ID _ztvczp10o [] []
[2020-08-10 19:33:31] xcloner_database.INFO: Dumping the structure for juanvasq_wp823.wpaq_nextend2_smartslider3_sliders table [""] []
[2020-08-10 19:33:31] xcloner_database.INFO: Dumping 9 records starting position 0 from juanvasq_wp823.wpaq_nextend2_smartslider3_sliders table [""] []
[2020-08-10 19:33:32] xcloner_api.INFO: Processing ajax request ID _4nuxw4586 [] []
[2020-08-10 19:33:32] xcloner_database.INFO: Dumping the structure for juanvasq_wp823.wpaq_nextend2_smartslider3_sliders_xref table [""] []
[2020-08-10 19:33:32] xcloner_database.INFO: Dumping 8 records starting position 0 from juanvasq_wp823.wpaq_nextend2_smartslider3_sliders_xref table [""] []
[2020-08-10 19:33:33] xcloner_api.INFO: Processing ajax request ID _okio7q5ye [] []
[2020-08-10 19:33:33] xcloner_database.INFO: Dumping the structure for juanvasq_wp823.wpaq_nextend2_smartslider3_slides table [""] []
[2020-08-10 19:33:33] xcloner_database.INFO: Dumping 25 records starting position 0 from juanvasq_wp823.wpaq_nextend2_smartslider3_slides table [""] []
[2020-08-10 19:33:34] xcloner_api.INFO: Processing ajax request ID _77qh7kk9e [] []
[2020-08-10 19:33:35] xcloner_database.INFO: Dumping the structure for juanvasq_wp823.wpaq_options table [""] []
[2020-08-10 19:33:35] xcloner_database.INFO: Dumping 291 records starting position 0 from juanvasq_wp823.wpaq_options table [""] []
[2020-08-10 19:33:36] xcloner_api.INFO: Processing ajax request ID _p16qq85t5 [] []
[2020-08-10 19:33:36] xcloner_database.INFO: Dumping the structure for juanvasq_wp823.wpaq_postmeta table [""] []
[2020-08-10 19:33:36] xcloner_database.INFO: Dumping 1474 records starting position 0 from juanvasq_wp823.wpaq_postmeta table [""] []
[2020-08-10 19:33:37] xcloner_api.INFO: Processing ajax request ID _qluu68syd [] []
[2020-08-10 19:33:38] xcloner_database.INFO: Dumping the structure for juanvasq_wp823.wpaq_posts table [""] []
[2020-08-10 19:33:38] xcloner_database.INFO: Dumping 370 records starting position 0 from juanvasq_wp823.wpaq_posts table [""] []
[2020-08-10 19:33:39] xcloner_api.INFO: Processing ajax request ID _0yxgv5j0a [] []
[2020-08-10 19:33:39] xcloner_database.INFO: Dumping the structure for juanvasq_wp823.wpaq_pts_modules table [""] []
[2020-08-10 19:33:39] xcloner_database.INFO: Dumping 9 records starting position 0 from juanvasq_wp823.wpaq_pts_modules table [""] []
[2020-08-10 19:33:40] xcloner_api.INFO: Processing ajax request ID _022qkxdfk [] []
[2020-08-10 19:33:41] xcloner_database.INFO: Dumping the structure for juanvasq_wp823.wpaq_pts_modules_type table [""] []
[2020-08-10 19:33:41] xcloner_database.INFO: Dumping 2 records starting position 0 from juanvasq_wp823.wpaq_pts_modules_type table [""] []
[2020-08-10 19:33:41] xcloner_api.INFO: Processing ajax request ID _et4tzg9t8 [] []
[2020-08-10 19:33:42] xcloner_database.INFO: Dumping the structure for juanvasq_wp823.wpaq_pts_tables table [""] []
[2020-08-10 19:33:42] xcloner_database.INFO: Dumping 8 records starting position 0 from juanvasq_wp823.wpaq_pts_tables table [""] []
[2020-08-10 19:33:43] xcloner_api.INFO: Processing ajax request ID _hyqye017x [] []
[2020-08-10 19:33:43] xcloner_database.INFO: Dumping the structure for juanvasq_wp823.wpaq_pts_usage_stat table [""] []
[2020-08-10 19:33:43] xcloner_database.INFO: Dumping 2 records starting position 0 from juanvasq_wp823.wpaq_pts_usage_stat table [""] []
[2020-08-10 19:33:44] xcloner_api.INFO: Processing ajax request ID _tjstjhca2 [] []
[2020-08-10 19:33:44] xcloner_database.INFO: Dumping the structure for juanvasq_wp823.wpaq_term_relationships table [""] []
[2020-08-10 19:33:44] xcloner_database.INFO: Dumping 10 records starting position 0 from juanvasq_wp823.wpaq_term_relationships table [""] []
[2020-08-10 19:33:45] xcloner_api.INFO: Processing ajax request ID _8pi4dane5 [] []
[2020-08-10 19:33:46] xcloner_database.INFO: Dumping the structure for juanvasq_wp823.wpaq_term_taxonomy table [""] []
[2020-08-10 19:33:46] xcloner_database.INFO: Dumping 3 records starting position 0 from juanvasq_wp823.wpaq_term_taxonomy table [""] []
[2020-08-10 19:33:47] xcloner_api.INFO: Processing ajax request ID _44rrupmc5 [] []
[2020-08-10 19:33:47] xcloner_database.INFO: Dumping the structure for juanvasq_wp823.wpaq_termmeta table [""] []
[2020-08-10 19:33:47] xcloner_database.INFO: Dumping 0 records starting position 0 from juanvasq_wp823.wpaq_termmeta table [""] []
[2020-08-10 19:33:48] xcloner_api.INFO: Processing ajax request ID _b83yl3kri [] []
[2020-08-10 19:33:48] xcloner_database.INFO: Dumping the structure for juanvasq_wp823.wpaq_terms table [""] []
[2020-08-10 19:33:48] xcloner_database.INFO: Dumping 3 records starting position 0 from juanvasq_wp823.wpaq_terms table [""] []
[2020-08-10 19:33:50] xcloner_api.INFO: Processing ajax request ID _wktfhcufd [] []
[2020-08-10 19:33:50] xcloner_database.INFO: Dumping the structure for juanvasq_wp823.wpaq_trp_dictionary_en_us_es_cr table [""] []
[2020-08-10 19:33:50] xcloner_database.INFO: Dumping 292 records starting position 0 from juanvasq_wp823.wpaq_trp_dictionary_en_us_es_cr table [""] []
[2020-08-10 19:33:51] xcloner_api.INFO: Processing ajax request ID _b14q2sq1f [] []
[2020-08-10 19:33:52] xcloner_database.INFO: Dumping the structure for juanvasq_wp823.wpaq_trp_gettext_en_us table [""] []
[2020-08-10 19:33:52] xcloner_database.INFO: Dumping 525 records starting position 0 from juanvasq_wp823.wpaq_trp_gettext_en_us table [""] []
[2020-08-10 19:33:53] xcloner_api.INFO: Processing ajax request ID _gsndluwgj [] []
[2020-08-10 19:33:54] xcloner_database.INFO: Dumping the structure for juanvasq_wp823.wpaq_trp_gettext_es_cr table [""] []
[2020-08-10 19:33:54] xcloner_database.INFO: Dumping 166 records starting position 0 from juanvasq_wp823.wpaq_trp_gettext_es_cr table [""] []
[2020-08-10 19:33:55] xcloner_api.INFO: Processing ajax request ID _c3xxx03q0 [] []
[2020-08-10 19:33:55] xcloner_database.INFO: Dumping the structure for juanvasq_wp823.wpaq_trp_original_meta table [""] []
[2020-08-10 19:33:55] xcloner_database.INFO: Dumping 140 records starting position 0 from juanvasq_wp823.wpaq_trp_original_meta table [""] []
[2020-08-10 19:33:56] xcloner_api.INFO: Processing ajax request ID _ofnkxcy8i [] []
[2020-08-10 19:33:56] xcloner_database.INFO: Dumping the structure for juanvasq_wp823.wpaq_trp_original_strings table [""] []
[2020-08-10 19:33:56] xcloner_database.INFO: Dumping 292 records starting position 0 from juanvasq_wp823.wpaq_trp_original_strings table [""] []
[2020-08-10 19:33:57] xcloner_api.INFO: Processing ajax request ID _2w9mzxhcb [] []
[2020-08-10 19:33:58] xcloner_database.INFO: Dumping the structure for juanvasq_wp823.wpaq_usermeta table [""] []
[2020-08-10 19:33:58] xcloner_database.INFO: Dumping 33 records starting position 0 from juanvasq_wp823.wpaq_usermeta table [""] []
[2020-08-10 19:33:59] xcloner_api.INFO: Processing ajax request ID _ei9lsaocx [] []
[2020-08-10 19:33:59] xcloner_database.INFO: Dumping the structure for juanvasq_wp823.wpaq_users table [""] []
[2020-08-10 19:33:59] xcloner_database.INFO: Dumping 1 records starting position 0 from juanvasq_wp823.wpaq_users table [""] []
[2020-08-10 19:34:00] xcloner_api.INFO: Processing ajax request ID _8reew28kg [] []
[2020-08-10 19:34:00] xcloner_database.INFO: Dumping the structure for juanvasq_wp823.wpaq_xcloner_scheduler table [""] []
[2020-08-10 19:34:00] xcloner_database.INFO: Dumping 0 records starting position 0 from juanvasq_wp823.wpaq_xcloner_scheduler table [""] []
[2020-08-10 19:34:01] xcloner_api.INFO: Processing ajax request ID _lct7crpdh [] []
[2020-08-10 19:34:03] xcloner_api.INFO: Processing ajax request ID _296c02skp [] []
[2020-08-10 19:34:03] xcloner_archive.INFO: Initializing the backup archive backup_selvaware.com-2020-08-10_19-34-sql [] []
[2020-08-10 19:34:03] xcloner_archive.INFO: Adding 0 bytes of file xcloner-2665b/index.html to archive backup_selvaware.com-2020-08-10_19-34-sql-2665b.tar  [] []
[2020-08-10 19:34:03] xcloner_archive.INFO: Adding 317 bytes of file xcloner-2665b/backup_files.csv to archive backup_selvaware.com-2020-08-10_19-34-sql-2665b.tar  [] []
[2020-08-10 19:34:03] xcloner_archive.INFO: Adding 14757 bytes of file xcloner-2665b/xcloner-2665b.log to archive backup_selvaware.com-2020-08-10_19-34-sql-2665b.tar  [] []
[2020-08-10 19:34:03] xcloner_archive.INFO: Adding 5640165 bytes of file xcloner-2665b/database-backup.sql to archive backup_selvaware.com-2020-08-10_19-34-sql-2665b.tar  [] []
[2020-08-10 19:34:03] xcloner_archive.INFO: Closing the backup archive backup_selvaware.com-2020-08-10_19-34-sql-2665b.tar with 2*512 zero bytes blocks. [] []
[2020-08-10 19:34:03] xcloner_archive.INFO: Sending backup notification to info@selvaware.com [] []
[2020-08-10 19:34:47] xcloner_api.INFO: Processing ajax request ID _26ylbqc1f [] []
[2020-08-10 19:34:47] xcloner_file_system.INFO: Starting the filesystem scanner on root folder /home3/juanvasquez/public_html [] []
[2020-08-10 19:34:47] xcloner_file_system.INFO: Excluding .htaccess from the filesystem list, matching pattern / ["FILESYSTEM SCAN","EXCLUDE"] []
[2020-08-10 19:34:47] xcloner_file_system.INFO: Excluding .htaccess_1 from the filesystem list, matching pattern / ["FILESYSTEM SCAN","EXCLUDE"] []
[2020-08-10 19:34:47] xcloner_file_system.INFO: Excluding cgi-bin from the filesystem list, matching pattern / ["FILESYSTEM SCAN","EXCLUDE"] []
[2020-08-10 19:34:47] xcloner_file_system.INFO: Excluding error_log from the filesystem list, matching pattern / ["FILESYSTEM SCAN","EXCLUDE"] []
[2020-08-10 19:34:47] xcloner_file_system.INFO: Excluding index.php from the filesystem list, matching pattern / ["FILESYSTEM SCAN","EXCLUDE"] []
[2020-08-10 19:34:47] xcloner_file_system.INFO: Excluding license.txt from the filesystem list, matching pattern / ["FILESYSTEM SCAN","EXCLUDE"] []
[2020-08-10 19:34:47] xcloner_file_system.INFO: Excluding phpinfo.php from the filesystem list, matching pattern / ["FILESYSTEM SCAN","EXCLUDE"] []
[2020-08-10 19:34:47] xcloner_file_system.INFO: Excluding readme.html from the filesystem list, matching pattern / ["FILESYSTEM SCAN","EXCLUDE"] []
[2020-08-10 19:34:47] xcloner_file_system.INFO: Excluding wp-activate.php from the filesystem list, matching pattern / ["FILESYSTEM SCAN","EXCLUDE"] []
[2020-08-10 19:34:47] xcloner_file_system.INFO: Excluding wp-admin from the filesystem list, matching pattern / ["FILESYSTEM SCAN","EXCLUDE"] []
[2020-08-10 19:34:47] xcloner_file_system.INFO: Excluding wp-admin.zip from the filesystem list, matching pattern / ["FILESYSTEM SCAN","EXCLUDE"] []
[2020-08-10 19:34:47] xcloner_file_system.INFO: Excluding wp-blog-header.php from the filesystem list, matching pattern / ["FILESYSTEM SCAN","EXCLUDE"] []
[2020-08-10 19:34:47] xcloner_file_system.INFO: Excluding wp-comments-post.php from the filesystem list, matching pattern / ["FILESYSTEM SCAN","EXCLUDE"] []
[2020-08-10 19:34:47] xcloner_file_system.INFO: Excluding wp-config-sample.php from the filesystem list, matching pattern / ["FILESYSTEM SCAN","EXCLUDE"] []
[2020-08-10 19:34:47] xcloner_file_system.INFO: Excluding wp-config.php from the filesystem list, matching pattern / ["FILESYSTEM SCAN","EXCLUDE"] []
[2020-08-10 19:34:47] xcloner_file_system.INFO: Excluding wp-content from the filesystem list, matching pattern / ["FILESYSTEM SCAN","EXCLUDE"] []
[2020-08-10 19:34:47] xcloner_file_system.INFO: Excluding wp-cron.php from the filesystem list, matching pattern / ["FILESYSTEM SCAN","EXCLUDE"] []
[2020-08-10 19:34:47] xcloner_file_system.INFO: Excluding wp-includes from the filesystem list, matching pattern / ["FILESYSTEM SCAN","EXCLUDE"] []
[2020-08-10 19:34:47] xcloner_file_system.INFO: Excluding wp-links-opml.php from the filesystem list, matching pattern / ["FILESYSTEM SCAN","EXCLUDE"] []
[2020-08-10 19:34:47] xcloner_file_system.INFO: Excluding wp-load.php from the filesystem list, matching pattern / ["FILESYSTEM SCAN","EXCLUDE"] []
[2020-08-10 19:34:47] xcloner_file_system.INFO: Excluding wp-login.php from the filesystem list, matching pattern / ["FILESYSTEM SCAN","EXCLUDE"] []
[2020-08-10 19:34:47] xcloner_file_system.INFO: Excluding wp-mail.php from the filesystem list, matching pattern / ["FILESYSTEM SCAN","EXCLUDE"] []
[2020-08-10 19:34:47] xcloner_file_system.INFO: Excluding wp-settings.php from the filesystem list, matching pattern / ["FILESYSTEM SCAN","EXCLUDE"] []
[2020-08-10 19:34:47] xcloner_file_system.INFO: Excluding wp-signup.php from the filesystem list, matching pattern / ["FILESYSTEM SCAN","EXCLUDE"] []
[2020-08-10 19:34:47] xcloner_file_system.INFO: Excluding wp-trackback.php from the filesystem list, matching pattern / ["FILESYSTEM SCAN","EXCLUDE"] []
[2020-08-10 19:34:47] xcloner_file_system.INFO: Excluding xmlrpc.php from the filesystem list, matching pattern / ["FILESYSTEM SCAN","EXCLUDE"] []
[2020-08-10 19:34:48] xcloner_api.INFO: Processing ajax request ID _ptt8v4j81 [] []
[2020-08-10 19:34:48] xcloner_database.INFO: Preparing the database recursion file [""] []
[2020-08-10 19:34:49] xcloner_api.INFO: Processing ajax request ID _vwmi8ypu4 [] []
[2020-08-10 19:34:50] xcloner_database.INFO: Starting new backup dump to file database-backup.sql [""] []
[2020-08-10 19:34:50] xcloner_database.INFO: Writing juanvasq_wp823 database dump headers [""] []
[2020-08-10 19:34:50] xcloner_database.INFO: Dumping the structure for juanvasq_wp823.wpaq_commentmeta table [""] []
[2020-08-10 19:34:50] xcloner_database.INFO: Dumping 0 records starting position 0 from juanvasq_wp823.wpaq_commentmeta table [""] []
[2020-08-10 19:34:51] xcloner_api.INFO: Processing ajax request ID _re4qdhndj [] []
[2020-08-10 19:34:51] xcloner_database.INFO: Dumping the structure for juanvasq_wp823.wpaq_comments table [""] []
[2020-08-10 19:34:51] xcloner_database.INFO: Dumping 2 records starting position 0 from juanvasq_wp823.wpaq_comments table [""] []
[2020-08-10 19:34:52] xcloner_api.INFO: Processing ajax request ID _yitlmva2c [] []
[2020-08-10 19:34:52] xcloner_database.INFO: Dumping the structure for juanvasq_wp823.wpaq_links table [""] []
[2020-08-10 19:34:52] xcloner_database.INFO: Dumping 0 records starting position 0 from juanvasq_wp823.wpaq_links table [""] []
[2020-08-10 19:34:54] xcloner_api.INFO: Processing ajax request ID _e8sitsz4z [] []
[2020-08-10 19:34:54] xcloner_database.INFO: Dumping the structure for juanvasq_wp823.wpaq_nextend2_image_storage table [""] []
[2020-08-10 19:34:54] xcloner_database.INFO: Dumping 34 records starting position 0 from juanvasq_wp823.wpaq_nextend2_image_storage table [""] []
[2020-08-10 19:34:55] xcloner_api.INFO: Processing ajax request ID _74eyc4ayy [] []
[2020-08-10 19:34:55] xcloner_database.INFO: Dumping the structure for juanvasq_wp823.wpaq_nextend2_section_storage table [""] []
[2020-08-10 19:34:55] xcloner_database.INFO: Dumping 2 records starting position 0 from juanvasq_wp823.wpaq_nextend2_section_storage table [""] []
[2020-08-10 19:34:56] xcloner_api.INFO: Processing ajax request ID _xiyylx6n3 [] []
[2020-08-10 19:34:57] xcloner_database.INFO: Dumping the structure for juanvasq_wp823.wpaq_nextend2_smartslider3_generators table [""] []
[2020-08-10 19:34:57] xcloner_database.INFO: Dumping 0 records starting position 0 from juanvasq_wp823.wpaq_nextend2_smartslider3_generators table [""] []
[2020-08-10 19:34:58] xcloner_api.INFO: Processing ajax request ID _s1tt469k6 [] []
[2020-08-10 19:34:59] xcloner_database.INFO: Dumping the structure for juanvasq_wp823.wpaq_nextend2_smartslider3_sliders table [""] []
[2020-08-10 19:34:59] xcloner_database.INFO: Dumping 9 records starting position 0 from juanvasq_wp823.wpaq_nextend2_smartslider3_sliders table [""] []
[2020-08-10 19:35:00] xcloner_api.INFO: Processing ajax request ID _sanh61k14 [] []
[2020-08-10 19:35:00] xcloner_database.INFO: Dumping the structure for juanvasq_wp823.wpaq_nextend2_smartslider3_sliders_xref table [""] []
[2020-08-10 19:35:00] xcloner_database.INFO: Dumping 8 records starting position 0 from juanvasq_wp823.wpaq_nextend2_smartslider3_sliders_xref table [""] []
[2020-08-10 19:35:02] xcloner_api.INFO: Processing ajax request ID _i5njdjqv8 [] []
[2020-08-10 19:35:05] xcloner_database.INFO: Dumping the structure for juanvasq_wp823.wpaq_nextend2_smartslider3_slides table [""] []
[2020-08-10 19:35:05] xcloner_database.INFO: Dumping 25 records starting position 0 from juanvasq_wp823.wpaq_nextend2_smartslider3_slides table [""] []
[2020-08-10 19:35:06] xcloner_api.INFO: Processing ajax request ID _tx2gpcjky [] []
[2020-08-10 19:35:07] xcloner_database.INFO: Dumping the structure for juanvasq_wp823.wpaq_options table [""] []
[2020-08-10 19:35:07] xcloner_database.INFO: Dumping 291 records starting position 0 from juanvasq_wp823.wpaq_options table [""] []
[2020-08-10 19:35:09] xcloner_api.INFO: Processing ajax request ID _shjwsynd0 [] []
[2020-08-10 19:35:09] xcloner_database.INFO: Dumping the structure for juanvasq_wp823.wpaq_postmeta table [""] []
[2020-08-10 19:35:09] xcloner_database.INFO: Dumping 1474 records starting position 0 from juanvasq_wp823.wpaq_postmeta table [""] []
[2020-08-10 19:35:11] xcloner_api.INFO: Processing ajax request ID _efqqf0i2i [] []
[2020-08-10 19:35:11] xcloner_database.INFO: Dumping the structure for juanvasq_wp823.wpaq_posts table [""] []
[2020-08-10 19:35:11] xcloner_database.INFO: Dumping 370 records starting position 0 from juanvasq_wp823.wpaq_posts table [""] []
[2020-08-10 19:35:13] xcloner_api.INFO: Processing ajax request ID _sdcr7zmsn [] []
[2020-08-10 19:35:13] xcloner_database.INFO: Dumping the structure for juanvasq_wp823.wpaq_pts_modules table [""] []
[2020-08-10 19:35:13] xcloner_database.INFO: Dumping 9 records starting position 0 from juanvasq_wp823.wpaq_pts_modules table [""] []
[2020-08-10 19:35:16] xcloner_api.INFO: Processing ajax request ID _qjvsuv334 [] []
[2020-08-10 19:35:16] xcloner_database.INFO: Dumping the structure for juanvasq_wp823.wpaq_pts_modules_type table [""] []
[2020-08-10 19:35:16] xcloner_database.INFO: Dumping 2 records starting position 0 from juanvasq_wp823.wpaq_pts_modules_type table [""] []
[2020-08-10 19:35:17] xcloner_api.INFO: Processing ajax request ID _r5tf1kyzp [] []
[2020-08-10 19:35:18] xcloner_database.INFO: Dumping the structure for juanvasq_wp823.wpaq_pts_tables table [""] []
[2020-08-10 19:35:18] xcloner_database.INFO: Dumping 8 records starting position 0 from juanvasq_wp823.wpaq_pts_tables table [""] []
[2020-08-10 19:35:20] xcloner_api.INFO: Processing ajax request ID _xkvn61fmu [] []
[2020-08-10 19:35:21] xcloner_database.INFO: Dumping the structure for juanvasq_wp823.wpaq_pts_usage_stat table [""] []
[2020-08-10 19:35:21] xcloner_database.INFO: Dumping 2 records starting position 0 from juanvasq_wp823.wpaq_pts_usage_stat table [""] []
[2020-08-10 19:35:22] xcloner_api.INFO: Processing ajax request ID _soz4pht7x [] []
[2020-08-10 19:35:22] xcloner_database.INFO: Dumping the structure for juanvasq_wp823.wpaq_term_relationships table [""] []
[2020-08-10 19:35:22] xcloner_database.INFO: Dumping 10 records starting position 0 from juanvasq_wp823.wpaq_term_relationships table [""] []
[2020-08-10 19:35:24] xcloner_api.INFO: Processing ajax request ID _g2yjjlqxy [] []
[2020-08-10 19:35:24] xcloner_database.INFO: Dumping the structure for juanvasq_wp823.wpaq_term_taxonomy table [""] []
[2020-08-10 19:35:24] xcloner_database.INFO: Dumping 3 records starting position 0 from juanvasq_wp823.wpaq_term_taxonomy table [""] []
[2020-08-10 19:35:25] xcloner_api.INFO: Processing ajax request ID _9khyrch1j [] []
[2020-08-10 19:35:26] xcloner_database.INFO: Dumping the structure for juanvasq_wp823.wpaq_termmeta table [""] []
[2020-08-10 19:35:26] xcloner_database.INFO: Dumping 0 records starting position 0 from juanvasq_wp823.wpaq_termmeta table [""] []
[2020-08-10 19:35:27] xcloner_api.INFO: Processing ajax request ID _owgram0d6 [] []
[2020-08-10 19:35:27] xcloner_database.INFO: Dumping the structure for juanvasq_wp823.wpaq_terms table [""] []
[2020-08-10 19:35:27] xcloner_database.INFO: Dumping 3 records starting position 0 from juanvasq_wp823.wpaq_terms table [""] []
[2020-08-10 19:35:28] xcloner_api.INFO: Processing ajax request ID _xb48052sd [] []
[2020-08-10 19:35:29] xcloner_database.INFO: Dumping the structure for juanvasq_wp823.wpaq_trp_dictionary_en_us_es_cr table [""] []
[2020-08-10 19:35:29] xcloner_database.INFO: Dumping 292 records starting position 0 from juanvasq_wp823.wpaq_trp_dictionary_en_us_es_cr table [""] []
[2020-08-10 19:35:30] xcloner_api.INFO: Processing ajax request ID _w9vtpawgd [] []
[2020-08-10 19:35:31] xcloner_database.INFO: Dumping the structure for juanvasq_wp823.wpaq_trp_gettext_en_us table [""] []
[2020-08-10 19:35:31] xcloner_database.INFO: Dumping 525 records starting position 0 from juanvasq_wp823.wpaq_trp_gettext_en_us table [""] []
[2020-08-10 19:35:32] xcloner_api.INFO: Processing ajax request ID _o4hs89i2u [] []
[2020-08-10 19:35:32] xcloner_database.INFO: Dumping the structure for juanvasq_wp823.wpaq_trp_gettext_es_cr table [""] []
[2020-08-10 19:35:32] xcloner_database.INFO: Dumping 166 records starting position 0 from juanvasq_wp823.wpaq_trp_gettext_es_cr table [""] []
[2020-08-10 19:35:33] xcloner_api.INFO: Processing ajax request ID _fx4yf5m9f [] []
[2020-08-10 19:35:33] xcloner_database.INFO: Dumping the structure for juanvasq_wp823.wpaq_trp_original_meta table [""] []
[2020-08-10 19:35:33] xcloner_database.INFO: Dumping 140 records starting position 0 from juanvasq_wp823.wpaq_trp_original_meta table [""] []
[2020-08-10 19:35:35] xcloner_api.INFO: Processing ajax request ID _piw9nw922 [] []
[2020-08-10 19:35:35] xcloner_database.INFO: Dumping the structure for juanvasq_wp823.wpaq_trp_original_strings table [""] []
[2020-08-10 19:35:35] xcloner_database.INFO: Dumping 292 records starting position 0 from juanvasq_wp823.wpaq_trp_original_strings table [""] []
[2020-08-10 19:35:36] xcloner_api.INFO: Processing ajax request ID _5f1p2z456 [] []
[2020-08-10 19:35:37] xcloner_database.INFO: Dumping the structure for juanvasq_wp823.wpaq_usermeta table [""] []
[2020-08-10 19:35:37] xcloner_database.INFO: Dumping 33 records starting position 0 from juanvasq_wp823.wpaq_usermeta table [""] []
